
20:38:15.210 [info] Loading 38 CA(s) from :otp store

20:38:15.737 id=0 [debug] handled request client -> server initialize in 304ms

20:38:15.754 [debug] sent notification server -> client window/logMessage

20:38:15.768 [debug] NextLS v0.23.2 has initialized!

20:38:15.768 [debug] sent notification server -> client window/logMessage

20:38:15.768 [debug] Log file located at c:/Users/Romeu/Documents/blog/.elixir-tools/next-ls.log

20:38:15.774 id=5 [debug] sent request server -> client client/registerCapability

20:38:15.774 [debug] sent notification server -> client window/logMessage

20:38:15.775 [info] [extension] Credo initializing with options %NextLS.InitOpts.Extensions.Credo{enable: true, cli_options: []}

20:38:16.107 [debug] sent notification server -> client window/logMessage

20:38:16.107 [error] Failed to retrieve the latest version number of Next LS from the GitHub API: %Mint.TransportError{reason: :eacces}

20:38:19.643 [debug] sent notification server -> client window/logMessage

20:38:19.643 [debug] Booting runtimes...

20:38:19.656 id=130 [debug] sent request server -> client window/workDoneProgress/create

20:38:19.671 [debug] sent notification server -> client $/progress

20:38:19.706 [debug] sent notification server -> client window/logMessage

20:38:19.706 [info] Beginning DB migration...

20:38:19.723 [debug] sent notification server -> client window/logMessage

20:38:19.723 [info] Database is being upgraded from version 0 to 7.

This will trigger a full recompilation in order to re-index your codebase.


20:38:19.728 [debug] sent notification server -> client window/logMessage

20:38:19.728 [info] Finished DB migration...

20:38:19.741 [error] ** (MatchError) no match of right hand side value: {:error, {:shutdown, {:failed_to_start_child, NextLS.Runtime, {:badarg, [{NextLS.Runtime, :init, 1, [file: ~c"lib/next_ls/runtime.ex", line: 135, error_info: %{cause: {1, :binary, :type, nil}, function: :format_bs_fail, module: :erl_erts_errors}]}, {:gen_server, :init_it, 2, [file: ~c"gen_server.erl", line: 2057]}, {:gen_server, :init_it, 6, [file: ~c"gen_server.erl", line: 2012]}, {:proc_lib, :init_p_do_apply, 3, [file: ~c"proc_lib.erl", line: 329]}]}}}}
    (next_ls 0.23.2) lib/next_ls.ex:899: anonymous fn/5 in NextLS.handle_notification/2
    (elixir 1.17.2) lib/enum.ex:2531: Enum."-reduce/3-lists^foldl/2-0-"/3
    (next_ls 0.23.2) lib/next_ls.ex:894: NextLS.handle_notification/2
    (gen_lsp 0.10.0) lib/gen_lsp.ex:478: anonymous fn/2 in GenLSP.loop/3
    (telemetry 1.2.1) /Users/runner/work/next-ls/next-ls/deps/telemetry/src/telemetry.erl:321: :telemetry.span/3
    (gen_lsp 0.10.0) lib/gen_lsp.ex:474: anonymous fn/7 in GenLSP.loop/3
    (gen_lsp 0.10.0) lib/gen_lsp.ex:553: GenLSP.attempt/4
    (stdlib 6.0) proc_lib.erl:329: :proc_lib.init_p_do_apply/3


20:38:19.741 [debug] sent notification server -> client window/logMessage

20:38:19.749 [debug] handled notification client -> server textDocument/didOpen in 7ms

20:38:19.749 [debug] handled notification client -> server textDocument/didOpen in 307µs

20:38:19.783 id=1 [debug] handled request client -> server textDocument/documentSymbol in 32ms

20:38:19.829 id=2 [debug] handled request client -> server textDocument/codeAction in 48ms

20:38:19.829 id=3 [debug] handled request client -> server textDocument/documentSymbol in 409µs

20:38:19.834 [debug] handled notification client -> server $/cancelRequest in 4ms

20:38:19.834 [debug] handled notification client -> server $/cancelRequest in 103µs

20:38:19.834 [debug] handled notification client -> server $/cancelRequest in 0µs

20:38:19.834 id=4 [debug] handled request client -> server textDocument/documentSymbol in 307µs

20:38:19.834 id=5 [debug] handled request client -> server textDocument/codeAction in 205µs

20:38:19.837 id=6 [debug] handled request client -> server textDocument/documentSymbol in 204µs

20:38:19.845 [debug] handled notification client -> server workspace/didChangeWatchedFiles in 10ms

20:38:21.076 id=7 [debug] handled request client -> server textDocument/codeAction in 307µs

20:38:22.183 id=8 [debug] handled request client -> server textDocument/codeAction in 409µs

20:38:22.970 id=9 [debug] handled request client -> server textDocument/codeAction in 204µs

20:38:24.552 id=10 [debug] handled request client -> server textDocument/codeAction in 204µs

20:38:25.607 id=11 [debug] handled request client -> server textDocument/hover in 1009ms

20:38:25.607 [debug] handled notification client -> server $/cancelRequest in 102µs

20:38:26.636 id=12 [debug] handled request client -> server textDocument/hover in 1010ms

20:38:26.636 [debug] handled notification client -> server $/cancelRequest in 102µs

20:38:39.798 [debug] handled notification client -> server textDocument/didOpen in 307µs

20:38:39.814 id=13 [debug] handled request client -> server textDocument/codeAction in 307µs

20:38:39.815 id=14 [debug] handled request client -> server textDocument/documentSymbol in 615µs

20:38:40.113 id=15 [debug] handled request client -> server textDocument/documentSymbol in 819µs

20:38:43.956 id=16 [debug] handled request client -> server textDocument/codeAction in 410µs

20:38:44.254 id=17 [debug] handled request client -> server textDocument/documentSymbol in 512µs

20:38:48.552 id=18 [debug] handled request client -> server textDocument/codeAction in 204µs

20:38:48.999 id=19 [debug] handled request client -> server textDocument/codeAction in 512µs

20:38:50.627 id=20 [debug] handled request client -> server textDocument/hover in 1013ms

20:38:50.627 [debug] handled notification client -> server $/cancelRequest in 102µs

20:38:51.635 id=21 [debug] handled request client -> server textDocument/hover in 1008ms

20:38:52.645 [error] ** (Protocol.UndefinedError) protocol Enumerable not implemented for :timeout of type Atom. This protocol is implemented for the following type(s): DBConnection.PrepareStream, DBConnection.Stream, Date.Range, Exqlite.Stream, File.Stream, Function, GenEvent.Stream, HashDict, HashSet, IO.Stream, Jason.OrderedObject, List, Map, MapSet, Range, Stream
    (elixir 1.17.2) lib/enum.ex:1: Enumerable.impl_for!/1
    (elixir 1.17.2) lib/enum.ex:166: Enumerable.reduce/3
    (elixir 1.17.2) lib/enum.ex:4423: Enum.reject/2
    (next_ls 0.23.2) lib/next_ls.ex:244: NextLS.handle_request/2
    (gen_lsp 0.10.0) lib/gen_lsp.ex:350: anonymous fn/2 in GenLSP.loop/3
    (telemetry 1.2.1) /Users/runner/work/next-ls/next-ls/deps/telemetry/src/telemetry.erl:321: :telemetry.span/3
    (gen_lsp 0.10.0) lib/gen_lsp.ex:349: anonymous fn/7 in GenLSP.loop/3
    (gen_lsp 0.10.0) lib/gen_lsp.ex:553: GenLSP.attempt/4


20:38:52.645 [debug] sent notification server -> client window/logMessage

20:38:54.889 id=23 [debug] handled request client -> server textDocument/codeAction in 1ms

20:38:55.189 id=24 [debug] handled request client -> server textDocument/documentSymbol in 717µs

20:38:58.128 id=25 [debug] handled request client -> server textDocument/codeAction in 615µs

20:38:58.448 id=26 [debug] handled request client -> server textDocument/codeAction in 410µs

20:39:00.185 id=27 [debug] handled request client -> server textDocument/hover in 1007ms

20:39:00.185 [debug] handled notification client -> server $/cancelRequest in 103µs

20:39:00.484 [debug] handled notification client -> server textDocument/didChange in 7ms

20:39:00.484 id=28 [debug] handled request client -> server textDocument/codeAction in 205µs

20:39:00.587 [debug] sent notification server -> client window/logMessage

20:39:00.587 id=29 [debug] handled request client -> server textDocument/documentSymbol in 2ms

20:39:00.587 [debug] sent notification server -> client window/logMessage

20:39:00.587 id=30 [debug] handled request client -> server textDocument/documentSymbol in 512µs

20:39:00.756 id=31 [debug] handled request client -> server textDocument/codeAction in 410µs

20:39:01.253 id=32 [debug] handled request client -> server textDocument/codeAction in 512µs

20:39:02.539 id=33 [debug] handled request client -> server textDocument/codeAction in 409µs

20:39:03.482 id=34 [debug] handled request client -> server textDocument/codeAction in 410µs

20:39:05.080 id=35 [debug] handled request client -> server textDocument/codeAction in 307µs

20:39:07.318 id=36 [debug] handled request client -> server textDocument/hover in 1002ms

20:39:07.318 [debug] handled notification client -> server $/cancelRequest in 102µs

20:39:07.425 [debug] handled notification client -> server textDocument/didChange in 205µs

20:39:07.427 id=37 [debug] handled request client -> server textDocument/codeAction in 409µs

20:39:07.527 [debug] sent notification server -> client window/logMessage

20:39:07.527 id=38 [debug] handled request client -> server textDocument/documentSymbol in 4ms

20:39:07.527 [debug] sent notification server -> client window/logMessage

20:39:07.528 id=39 [debug] handled request client -> server textDocument/documentSymbol in 512µs

20:39:07.691 id=40 [debug] handled request client -> server textDocument/codeAction in 512µs

20:39:08.444 [debug] handled notification client -> server textDocument/didChange in 307µs

20:39:08.444 id=41 [debug] handled request client -> server textDocument/codeAction in 307µs

20:39:08.559 [debug] sent notification server -> client window/logMessage

20:39:08.559 id=42 [debug] handled request client -> server textDocument/documentSymbol in 1ms

20:39:08.559 [debug] sent notification server -> client window/logMessage

20:39:08.559 id=43 [debug] handled request client -> server textDocument/documentSymbol in 1ms

20:39:08.724 id=44 [debug] handled request client -> server textDocument/codeAction in 307µs

20:39:12.110 id=45 [debug] handled request client -> server textDocument/hover in 1008ms

20:39:12.110 [debug] handled notification client -> server $/cancelRequest in 102µs

20:39:12.110 id=46 [debug] handled request client -> server textDocument/codeAction in 308µs

20:39:12.513 id=47 [debug] handled request client -> server textDocument/codeAction in 308µs

20:39:12.774 id=48 [debug] handled request client -> server textDocument/codeAction in 307µs

20:39:12.822 id=49 [debug] handled request client -> server textDocument/documentSymbol in 512µs

20:39:14.007 id=50 [debug] handled request client -> server textDocument/codeAction in 308µs

20:39:15.846 id=51 [debug] handled request client -> server textDocument/hover in 1009ms

20:39:15.846 [debug] handled notification client -> server $/cancelRequest in 204µs

20:39:15.880 id=52 [debug] handled request client -> server textDocument/codeAction in 307µs

20:39:17.169 id=53 [debug] handled request client -> server textDocument/hover in 1009ms

20:39:18.180 [error] ** (Protocol.UndefinedError) protocol Enumerable not implemented for :timeout of type Atom. This protocol is implemented for the following type(s): DBConnection.PrepareStream, DBConnection.Stream, Date.Range, Exqlite.Stream, File.Stream, Function, GenEvent.Stream, HashDict, HashSet, IO.Stream, Jason.OrderedObject, List, Map, MapSet, Range, Stream
    (elixir 1.17.2) lib/enum.ex:1: Enumerable.impl_for!/1
    (elixir 1.17.2) lib/enum.ex:166: Enumerable.reduce/3
    (elixir 1.17.2) lib/enum.ex:4423: Enum.reject/2
    (next_ls 0.23.2) lib/next_ls.ex:244: NextLS.handle_request/2
    (gen_lsp 0.10.0) lib/gen_lsp.ex:350: anonymous fn/2 in GenLSP.loop/3
    (telemetry 1.2.1) /Users/runner/work/next-ls/next-ls/deps/telemetry/src/telemetry.erl:321: :telemetry.span/3
    (gen_lsp 0.10.0) lib/gen_lsp.ex:349: anonymous fn/7 in GenLSP.loop/3
    (gen_lsp 0.10.0) lib/gen_lsp.ex:553: GenLSP.attempt/4


20:39:18.180 [debug] sent notification server -> client window/logMessage

20:39:18.181 [debug] handled notification client -> server $/cancelRequest in 102µs

20:39:18.209 id=55 [debug] handled request client -> server textDocument/codeAction in 512µs

20:39:18.461 id=56 [debug] handled request client -> server textDocument/codeAction in 512µs

20:39:18.509 [debug] sent notification server -> client window/logMessage

20:39:18.509 id=57 [debug] handled request client -> server textDocument/documentSymbol in 1ms

20:39:19.742 id=58 [debug] handled request client -> server textDocument/codeAction in 512µs

20:39:21.070 [debug] handled notification client -> server textDocument/didChange in 308µs

20:39:21.070 id=59 [debug] handled request client -> server textDocument/codeAction in 204µs

20:39:21.174 id=60 [debug] handled request client -> server textDocument/documentSymbol in 614µs

20:39:21.174 id=61 [debug] handled request client -> server textDocument/documentSymbol in 615µs

20:39:21.353 id=62 [debug] handled request client -> server textDocument/codeAction in 307µs

20:39:24.025 id=63 [debug] handled request client -> server textDocument/codeAction in 205µs

20:39:25.594 [debug] handled notification client -> server textDocument/didChange in 512µs

20:39:25.594 id=64 [debug] handled request client -> server textDocument/documentSymbol in 614µs

20:39:25.605 id=65 [debug] handled request client -> server textDocument/documentSymbol in 1ms

20:39:25.872 [debug] handled notification client -> server textDocument/didChange in 204µs

20:39:25.872 id=66 [debug] handled request client -> server textDocument/codeAction in 308µs

20:39:25.968 id=67 [debug] handled request client -> server textDocument/documentSymbol in 512µs

20:39:25.968 id=68 [debug] handled request client -> server textDocument/documentSymbol in 819µs

20:39:27.274 id=69 [debug] handled request client -> server textDocument/codeAction in 512µs

20:39:27.525 id=70 [debug] handled request client -> server textDocument/codeAction in 409µs

20:39:27.573 id=71 [debug] handled request client -> server textDocument/documentSymbol in 819µs

20:39:30.836 id=72 [debug] handled request client -> server textDocument/hover in 1015ms

20:39:30.836 [debug] handled notification client -> server $/cancelRequest in 0µs

20:39:31.845 id=73 [debug] handled request client -> server textDocument/hover in 1008ms

20:39:31.845 [debug] handled notification client -> server $/cancelRequest in 103µs

20:39:31.845 id=74 [debug] handled request client -> server textDocument/codeAction in 205µs

20:39:32.084 id=75 [debug] handled request client -> server textDocument/codeAction in 410µs

20:39:34.906 id=76 [debug] handled request client -> server textDocument/codeAction in 307µs

20:39:35.156 id=77 [debug] handled request client -> server textDocument/codeAction in 409µs

20:39:35.202 id=78 [debug] handled request client -> server textDocument/documentSymbol in 512µs

20:39:38.644 id=79 [debug] handled request client -> server textDocument/hover in 1011ms

20:39:38.644 [debug] handled notification client -> server $/cancelRequest in 103µs

20:39:40.540 id=80 [debug] handled request client -> server textDocument/hover in 1004ms

20:39:40.540 [debug] handled notification client -> server $/cancelRequest in 103µs

20:39:40.540 id=81 [debug] handled request client -> server textDocument/codeAction in 512µs

20:39:43.045 [debug] handled notification client -> server textDocument/didChange in 307µs

20:39:43.045 id=82 [debug] handled request client -> server textDocument/codeAction in 307µs

20:39:43.142 id=83 [debug] handled request client -> server textDocument/documentSymbol in 409µs

20:39:43.143 id=84 [debug] handled request client -> server textDocument/documentSymbol in 409µs

20:39:57.195 [debug] handled notification client -> server textDocument/didSave in 9ms

20:39:57.522 [debug] handled notification client -> server workspace/didChangeWatchedFiles in 512µs

20:39:57.757 [debug] handled notification client -> server textDocument/didSave in 308µs

20:39:58.137 [debug] handled notification client -> server workspace/didChangeWatchedFiles in 512µs

20:39:58.228 [debug] handled notification client -> server textDocument/didSave in 307µs

20:39:58.584 [debug] handled notification client -> server textDocument/didSave in 307µs

20:39:58.614 [debug] handled notification client -> server workspace/didChangeWatchedFiles in 615µs

20:39:58.962 [debug] handled notification client -> server workspace/didChangeWatchedFiles in 512µs

20:40:02.142 id=85 [debug] handled request client -> server textDocument/hover in 1003ms

20:40:02.142 [debug] handled notification client -> server $/cancelRequest in 205µs

20:40:04.500 id=86 [debug] handled request client -> server textDocument/codeAction in 307µs

20:40:04.763 id=87 [debug] handled request client -> server textDocument/codeAction in 205µs

20:40:04.810 id=88 [debug] handled request client -> server textDocument/documentSymbol in 512µs

20:40:10.516 id=89 [debug] handled request client -> server textDocument/codeAction in 205µs

20:40:10.768 id=90 [debug] handled request client -> server textDocument/codeAction in 307µs

20:40:10.816 id=91 [debug] handled request client -> server textDocument/documentSymbol in 410µs

20:40:13.575 id=92 [debug] handled request client -> server textDocument/codeAction in 1ms

20:40:13.826 id=93 [debug] handled request client -> server textDocument/codeAction in 410µs

20:40:13.871 id=94 [debug] handled request client -> server textDocument/documentSymbol in 410µs

20:40:15.741 id=95 [debug] handled request client -> server textDocument/codeAction in 307µs

20:40:16.456 [debug] handled notification client -> server textDocument/didSave in 205µs

20:40:17.073 [debug] handled notification client -> server textDocument/didClose in 7ms

20:40:17.082 id=96 [debug] handled request client -> server textDocument/codeAction in 512µs

20:40:17.333 id=97 [debug] handled request client -> server textDocument/codeAction in 409µs

20:40:17.379 id=98 [debug] handled request client -> server textDocument/documentSymbol in 614µs

20:40:18.394 [debug] handled notification client -> server textDocument/didClose in 205µs

20:40:18.410 id=99 [debug] handled request client -> server textDocument/codeAction in 716µs

20:40:18.416 id=100 [debug] handled request client -> server textDocument/documentSymbol in 1ms

20:40:18.700 id=101 [debug] handled request client -> server textDocument/documentSymbol in 1ms

20:40:21.178 id=102 [debug] handled request client -> server textDocument/codeAction in 205µs

20:40:24.760 [debug] handled notification client -> server textDocument/didOpen in 717µs

20:40:24.771 id=103 [debug] handled request client -> server textDocument/codeAction in 512µs

20:40:24.773 id=104 [debug] handled request client -> server textDocument/documentSymbol in 1ms

20:40:25.080 id=105 [debug] handled request client -> server textDocument/documentSymbol in 717µs

20:40:26.474 id=106 [debug] handled request client -> server textDocument/codeAction in 205µs

20:40:27.144 id=107 [debug] handled request client -> server textDocument/codeAction in 308µs

20:40:27.387 id=108 [debug] handled request client -> server textDocument/codeAction in 205µs

20:40:27.445 id=109 [debug] handled request client -> server textDocument/documentSymbol in 1ms

20:40:30.890 id=110 [debug] handled request client -> server textDocument/codeAction in 512µs

20:40:31.144 id=111 [debug] handled request client -> server textDocument/codeAction in 921µs

20:40:31.189 id=112 [debug] handled request client -> server textDocument/documentSymbol in 614µs

20:40:38.948 id=113 [debug] handled request client -> server textDocument/codeAction in 307µs

20:40:42.313 id=114 [debug] handled request client -> server textDocument/codeAction in 307µs

20:40:43.051 id=115 [debug] handled request client -> server textDocument/codeAction in 307µs

20:40:43.315 id=116 [debug] handled request client -> server textDocument/codeAction in 307µs

20:40:43.349 id=117 [debug] handled request client -> server textDocument/documentSymbol in 1ms

20:40:46.716 id=118 [debug] handled request client -> server textDocument/hover in 1008ms

20:40:46.716 [debug] handled notification client -> server $/cancelRequest in 0µs

20:40:46.716 id=119 [debug] handled request client -> server textDocument/codeAction in 205µs

20:40:47.373 id=120 [debug] handled request client -> server textDocument/codeAction in 307µs

20:40:50.119 id=121 [debug] handled request client -> server textDocument/codeAction in 409µs

20:40:50.363 id=122 [debug] handled request client -> server textDocument/codeAction in 307µs

20:40:50.409 id=123 [debug] handled request client -> server textDocument/documentSymbol in 921µs

20:40:51.743 id=124 [debug] handled request client -> server textDocument/codeAction in 307µs

20:40:52.593 [debug] handled notification client -> server textDocument/didChange in 308µs

20:40:52.593 id=125 [debug] handled request client -> server textDocument/codeAction in 205µs

20:40:52.694 [debug] sent notification server -> client window/logMessage

20:40:52.694 id=126 [debug] handled request client -> server textDocument/documentSymbol in 819µs

20:40:52.694 [debug] sent notification server -> client window/logMessage

20:40:52.694 id=127 [debug] handled request client -> server textDocument/documentSymbol in 512µs

20:40:52.880 id=128 [debug] handled request client -> server textDocument/codeAction in 205µs

20:40:54.209 [debug] handled notification client -> server textDocument/didChange in 409µs

20:40:54.209 id=129 [debug] handled request client -> server textDocument/codeAction in 410µs

20:40:54.312 id=130 [debug] handled request client -> server textDocument/documentSymbol in 1ms

20:40:54.312 id=131 [debug] handled request client -> server textDocument/documentSymbol in 614µs

20:40:54.900 [debug] handled notification client -> server textDocument/didChange in 205µs

20:40:54.999 id=132 [debug] handled request client -> server textDocument/documentSymbol in 921µs

20:40:55.000 id=133 [debug] handled request client -> server textDocument/documentSymbol in 512µs

20:40:55.785 [debug] handled notification client -> server textDocument/didChange in 205µs

20:40:55.786 id=134 [debug] handled request client -> server textDocument/codeAction in 308µs

20:40:55.878 id=135 [debug] handled request client -> server textDocument/documentSymbol in 1ms

20:40:55.882 id=136 [debug] handled request client -> server textDocument/documentSymbol in 614µs

20:40:56.767 [debug] handled notification client -> server textDocument/didChange in 615µs

20:40:56.767 [debug] handled notification client -> server textDocument/didSave in 102µs

20:40:57.107 [debug] handled notification client -> server workspace/didChangeWatchedFiles in 512µs

20:40:57.108 id=137 [debug] handled request client -> server textDocument/documentSymbol in 1ms

20:40:57.110 id=138 [debug] handled request client -> server textDocument/documentSymbol in 717µs

20:40:57.123 [debug] handled notification client -> server textDocument/didSave in 307µs

20:40:57.520 [debug] handled notification client -> server workspace/didChangeWatchedFiles in 512µs

20:40:58.392 id=139 [debug] handled request client -> server textDocument/codeAction in 512µs

20:40:58.651 id=140 [debug] handled request client -> server textDocument/codeAction in 615µs

20:40:58.689 id=141 [debug] handled request client -> server textDocument/documentSymbol in 1ms

20:41:00.123 id=142 [debug] handled request client -> server textDocument/codeAction in 308µs

20:41:04.633 id=143 [debug] handled request client -> server textDocument/codeAction in 307µs

20:41:04.917 id=144 [debug] handled request client -> server textDocument/codeAction in 307µs

20:41:05.169 id=145 [debug] handled request client -> server textDocument/codeAction in 410µs

20:41:05.216 id=146 [debug] handled request client -> server textDocument/documentSymbol in 922µs

20:41:11.112 id=147 [debug] handled request client -> server textDocument/codeAction in 615µs

20:41:11.362 id=148 [debug] handled request client -> server textDocument/codeAction in 205µs

20:41:11.408 id=149 [debug] handled request client -> server textDocument/documentSymbol in 819µs

20:41:13.970 id=150 [debug] handled request client -> server textDocument/hover in 1013ms

20:41:16.028 id=151 [debug] handled request client -> server textDocument/codeAction in 512µs

20:41:16.284 id=152 [debug] handled request client -> server textDocument/codeAction in 307µs

20:41:16.329 id=153 [debug] handled request client -> server textDocument/documentSymbol in 614µs

20:41:19.200 id=154 [debug] handled request client -> server textDocument/codeAction in 410µs

20:41:19.501 id=155 [debug] handled request client -> server textDocument/documentSymbol in 921µs

20:41:23.370 id=156 [debug] handled request client -> server textDocument/codeAction in 410µs

20:41:23.621 id=157 [debug] handled request client -> server textDocument/codeAction in 307µs

20:41:23.669 id=158 [debug] handled request client -> server textDocument/documentSymbol in 819µs

20:41:26.335 [error] ** (Protocol.UndefinedError) protocol Enumerable not implemented for :timeout of type Atom. This protocol is implemented for the following type(s): DBConnection.PrepareStream, DBConnection.Stream, Date.Range, Exqlite.Stream, File.Stream, Function, GenEvent.Stream, HashDict, HashSet, IO.Stream, Jason.OrderedObject, List, Map, MapSet, Range, Stream
    (elixir 1.17.2) lib/enum.ex:1: Enumerable.impl_for!/1
    (elixir 1.17.2) lib/enum.ex:166: Enumerable.reduce/3
    (elixir 1.17.2) lib/enum.ex:4423: Enum.reject/2
    (next_ls 0.23.2) lib/next_ls.ex:244: NextLS.handle_request/2
    (gen_lsp 0.10.0) lib/gen_lsp.ex:350: anonymous fn/2 in GenLSP.loop/3
    (telemetry 1.2.1) /Users/runner/work/next-ls/next-ls/deps/telemetry/src/telemetry.erl:321: :telemetry.span/3
    (gen_lsp 0.10.0) lib/gen_lsp.ex:349: anonymous fn/7 in GenLSP.loop/3
    (gen_lsp 0.10.0) lib/gen_lsp.ex:553: GenLSP.attempt/4


20:41:26.335 [debug] sent notification server -> client window/logMessage

20:41:27.343 id=160 [debug] handled request client -> server textDocument/hover in 1007ms

20:41:27.343 [debug] handled notification client -> server $/cancelRequest in 103µs

20:41:27.344 id=161 [debug] handled request client -> server textDocument/codeAction in 615µs

20:41:27.344 [debug] handled notification client -> server $/cancelRequest in 102µs

20:41:27.345 id=162 [debug] handled request client -> server textDocument/documentSymbol in 1ms

20:41:33.548 id=163 [debug] handled request client -> server textDocument/codeAction in 614µs

20:41:33.803 id=164 [debug] handled request client -> server textDocument/codeAction in 204µs

20:41:33.852 id=165 [debug] handled request client -> server textDocument/documentSymbol in 819µs

20:41:35.968 id=166 [debug] handled request client -> server textDocument/codeAction in 205µs

20:41:36.263 id=167 [debug] handled request client -> server textDocument/documentSymbol in 1ms

20:41:39.180 id=168 [debug] handled request client -> server textDocument/hover in 1007ms

20:41:40.596 id=169 [debug] handled request client -> server textDocument/codeAction in 409µs

20:41:41.982 [error] ** (Protocol.UndefinedError) protocol Enumerable not implemented for :timeout of type Atom. This protocol is implemented for the following type(s): DBConnection.PrepareStream, DBConnection.Stream, Date.Range, Exqlite.Stream, File.Stream, Function, GenEvent.Stream, HashDict, HashSet, IO.Stream, Jason.OrderedObject, List, Map, MapSet, Range, Stream
    (elixir 1.17.2) lib/enum.ex:1: Enumerable.impl_for!/1
    (elixir 1.17.2) lib/enum.ex:166: Enumerable.reduce/3
    (elixir 1.17.2) lib/enum.ex:4423: Enum.reject/2
    (next_ls 0.23.2) lib/next_ls.ex:244: NextLS.handle_request/2
    (gen_lsp 0.10.0) lib/gen_lsp.ex:350: anonymous fn/2 in GenLSP.loop/3
    (telemetry 1.2.1) /Users/runner/work/next-ls/next-ls/deps/telemetry/src/telemetry.erl:321: :telemetry.span/3
    (gen_lsp 0.10.0) lib/gen_lsp.ex:349: anonymous fn/7 in GenLSP.loop/3
    (gen_lsp 0.10.0) lib/gen_lsp.ex:553: GenLSP.attempt/4


20:41:41.982 [debug] sent notification server -> client window/logMessage

20:41:42.002 [debug] handled notification client -> server textDocument/didOpen in 922µs

20:41:42.002 [debug] handled notification client -> server textDocument/didClose in 0µs

20:41:42.871 id=171 [debug] handled request client -> server textDocument/codeAction in 410µs

20:41:43.121 id=172 [debug] handled request client -> server textDocument/codeAction in 307µs

20:41:43.169 id=173 [debug] handled request client -> server textDocument/documentSymbol in 717µs

20:41:48.698 id=174 [debug] handled request client -> server textDocument/codeAction in 409µs

20:41:48.953 id=175 [debug] handled request client -> server textDocument/codeAction in 512µs

20:41:48.997 id=176 [debug] handled request client -> server textDocument/documentSymbol in 819µs

20:42:01.947 id=177 [debug] handled request client -> server textDocument/codeAction in 307µs

20:42:02.193 id=178 [debug] handled request client -> server textDocument/codeAction in 205µs

20:42:02.254 id=179 [debug] handled request client -> server textDocument/documentSymbol in 922µs

20:42:03.055 id=180 [debug] handled request client -> server textDocument/codeAction in 307µs

20:42:05.979 id=181 [debug] handled request client -> server textDocument/codeAction in 512µs

20:42:07.804 [debug] handled notification client -> server textDocument/didSave in 410µs

20:42:08.142 [debug] handled notification client -> server workspace/didChangeWatchedFiles in 512µs

20:42:27.209 [debug] handled notification client -> server textDocument/didSave in 307µs

20:42:27.538 [debug] handled notification client -> server workspace/didChangeWatchedFiles in 512µs

20:42:27.866 [debug] handled notification client -> server textDocument/didClose in 102µs

20:42:27.882 id=182 [debug] handled request client -> server textDocument/codeAction in 307µs

20:42:28.133 id=183 [debug] handled request client -> server textDocument/codeAction in 307µs

20:42:28.179 id=184 [debug] handled request client -> server textDocument/documentSymbol in 819µs

20:42:29.275 id=185 [debug] handled request client -> server textDocument/codeAction in 717µs

20:42:29.563 [debug] handled notification client -> server textDocument/didClose in 102µs

20:42:56.310 [debug] handled notification client -> server textDocument/didOpen in 717µs

20:42:56.334 id=186 [debug] handled request client -> server textDocument/codeAction in 614µs

20:42:56.342 id=187 [debug] handled request client -> server textDocument/documentSymbol in 7ms

20:42:56.633 id=188 [debug] handled request client -> server textDocument/documentSymbol in 1ms

20:42:56.790 id=189 [debug] handled request client -> server textDocument/codeAction in 307µs

20:43:14.197 id=190 [debug] handled request client -> server textDocument/hover in 1007ms

20:43:14.197 [debug] handled notification client -> server $/cancelRequest in 102µs

20:43:14.681 id=191 [debug] handled request client -> server textDocument/codeAction in 307µs

20:43:15.113 id=192 [debug] handled request client -> server textDocument/codeAction in 205µs

20:43:15.848 id=193 [debug] handled request client -> server textDocument/codeAction in 307µs

20:43:27.943 [debug] handled notification client -> server textDocument/didOpen in 614µs

20:43:27.958 id=194 [debug] handled request client -> server textDocument/codeAction in 1ms

20:43:27.960 id=195 [debug] handled request client -> server textDocument/documentSymbol in 2ms

20:43:28.259 id=196 [debug] handled request client -> server textDocument/documentSymbol in 1ms

20:43:37.565 id=197 [debug] handled request client -> server textDocument/codeAction in 307µs

20:43:38.689 [debug] handled notification client -> server textDocument/didChange in 512µs

20:43:38.696 id=198 [debug] handled request client -> server textDocument/codeAction in 512µs

20:43:38.797 id=199 [debug] handled request client -> server textDocument/documentSymbol in 1ms

20:43:38.797 id=200 [debug] handled request client -> server textDocument/documentSymbol in 922µs

20:43:39.494 [debug] handled notification client -> server textDocument/didChange in 614µs

20:43:39.604 id=201 [debug] handled request client -> server textDocument/documentSymbol in 1ms

20:43:39.609 id=202 [debug] handled request client -> server textDocument/documentSymbol in 1ms

20:43:39.909 [debug] handled notification client -> server textDocument/didChange in 717µs

20:43:40.010 id=203 [debug] handled request client -> server textDocument/documentSymbol in 1ms

20:43:40.010 id=204 [debug] handled request client -> server textDocument/documentSymbol in 819µs

20:43:41.617 id=205 [debug] handled request client -> server textDocument/codeAction in 205µs

20:43:46.409 [debug] handled notification client -> server textDocument/didChange in 1ms

20:43:46.409 id=206 [debug] handled request client -> server textDocument/codeAction in 717µs

20:43:46.522 id=207 [debug] handled request client -> server textDocument/documentSymbol in 1ms

20:43:46.523 id=208 [debug] handled request client -> server textDocument/documentSymbol in 820µs

20:43:47.145 [debug] handled notification client -> server textDocument/didChange in 717µs

20:43:47.237 id=209 [debug] handled request client -> server textDocument/documentSymbol in 1ms

20:43:47.241 id=210 [debug] handled request client -> server textDocument/documentSymbol in 1ms

20:43:49.458 [debug] handled notification client -> server textDocument/didChange in 921µs

20:43:49.461 [debug] handled notification client -> server textDocument/didSave in 2ms

20:43:49.805 [debug] handled notification client -> server workspace/didChangeWatchedFiles in 614µs

20:43:49.807 id=211 [debug] handled request client -> server textDocument/documentSymbol in 1ms

20:43:49.810 id=212 [debug] handled request client -> server textDocument/documentSymbol in 2ms

20:43:53.872 id=213 [debug] handled request client -> server textDocument/codeAction in 307µs

20:43:54.125 id=214 [debug] handled request client -> server textDocument/codeAction in 512µs

20:43:54.172 id=215 [debug] handled request client -> server textDocument/documentSymbol in 1ms

20:44:08.688 id=216 [debug] handled request client -> server textDocument/codeAction in 410µs

20:44:14.353 [debug] handled notification client -> server textDocument/didClose in 204µs

20:44:14.367 id=217 [debug] handled request client -> server textDocument/codeAction in 717µs

20:44:14.667 id=218 [debug] handled request client -> server textDocument/documentSymbol in 1ms

20:44:17.238 [debug] handled notification client -> server textDocument/didSave in 615µs

20:44:17.689 [debug] handled notification client -> server workspace/didChangeWatchedFiles in 512µs

20:44:20.724 id=219 [debug] handled request client -> server textDocument/codeAction in 205µs

20:44:22.654 id=220 [debug] handled request client -> server textDocument/hover in 1004ms

20:44:22.654 [debug] handled notification client -> server $/cancelRequest in 204µs

20:44:22.655 id=221 [debug] handled request client -> server textDocument/codeAction in 717µs

20:44:23.064 [debug] handled notification client -> server textDocument/didChange in 921µs

20:44:23.065 id=222 [debug] handled request client -> server textDocument/codeAction in 308µs

20:44:23.155 [debug] sent notification server -> client window/logMessage

20:44:23.155 id=223 [debug] handled request client -> server textDocument/documentSymbol in 1ms

20:44:23.167 [debug] sent notification server -> client window/logMessage

20:44:23.167 id=224 [debug] handled request client -> server textDocument/documentSymbol in 1ms

20:44:23.334 id=225 [debug] handled request client -> server textDocument/codeAction in 717µs

20:44:23.793 [debug] handled notification client -> server textDocument/didChange in 922µs

20:44:23.795 id=226 [debug] handled request client -> server textDocument/codeAction in 614µs

20:44:23.901 id=227 [debug] handled request client -> server textDocument/documentSymbol in 1ms

20:44:23.902 id=228 [debug] handled request client -> server textDocument/documentSymbol in 1ms

20:44:24.066 id=229 [debug] handled request client -> server textDocument/codeAction in 410µs

20:44:24.842 [debug] handled notification client -> server textDocument/didChange in 717µs

20:44:24.846 id=230 [debug] handled request client -> server textDocument/codeAction in 921µs

20:44:24.947 id=231 [debug] handled request client -> server textDocument/documentSymbol in 1ms

20:44:24.947 id=232 [debug] handled request client -> server textDocument/documentSymbol in 1ms

20:44:25.975 [debug] handled notification client -> server textDocument/didChange in 819µs

20:44:25.984 [debug] handled notification client -> server textDocument/didSave in 1ms

20:44:26.347 [debug] handled notification client -> server workspace/didChangeWatchedFiles in 614µs

20:44:26.353 id=233 [debug] handled request client -> server textDocument/documentSymbol in 2ms

20:44:26.354 id=234 [debug] handled request client -> server textDocument/documentSymbol in 1ms

20:44:28.843 id=235 [debug] handled request client -> server textDocument/codeAction in 205µs

20:45:20.446 id=236 [debug] handled request client -> server textDocument/codeAction in 307µs

20:45:21.007 [debug] handled notification client -> server textDocument/didChange in 410µs

20:45:21.126 [debug] handled notification client -> server textDocument/didChange in 512µs

20:45:21.127 id=237 [debug] handled request client -> server textDocument/documentSymbol in 1ms

20:45:21.456 id=238 [debug] handled request client -> server textDocument/documentSymbol in 1ms

20:45:21.457 id=239 [debug] handled request client -> server textDocument/documentSymbol in 1ms

20:45:24.219 id=240 [debug] handled request client -> server textDocument/codeAction in 307µs

20:45:25.569 id=241 [debug] handled request client -> server textDocument/codeAction in 410µs

20:45:26.037 id=242 [debug] handled request client -> server textDocument/codeAction in 410µs

20:45:26.562 id=243 [debug] handled request client -> server textDocument/codeAction in 205µs

20:45:27.553 [debug] handled notification client -> server textDocument/didChange in 819µs

20:45:27.553 id=244 [debug] handled request client -> server textDocument/codeAction in 308µs

20:45:27.647 id=245 [debug] handled request client -> server textDocument/documentSymbol in 1ms

20:45:27.652 id=246 [debug] handled request client -> server textDocument/documentSymbol in 1ms

20:45:28.629 [debug] handled notification client -> server textDocument/didChange in 922µs

20:45:28.630 [debug] handled notification client -> server textDocument/didSave in 922µs

20:45:28.993 [debug] handled notification client -> server workspace/didChangeWatchedFiles in 512µs

20:45:28.995 id=247 [debug] handled request client -> server textDocument/documentSymbol in 1ms

20:45:28.996 id=248 [debug] handled request client -> server textDocument/documentSymbol in 1ms

20:45:31.316 id=249 [debug] handled request client -> server textDocument/codeAction in 717µs

20:46:08.915 id=250 [debug] handled request client -> server textDocument/hover in 1012ms

20:46:08.915 [debug] handled notification client -> server $/cancelRequest in 205µs

20:46:08.916 id=251 [debug] handled request client -> server textDocument/codeAction in 512µs

20:46:09.744 [debug] handled notification client -> server textDocument/didChange in 614µs

20:46:09.744 id=252 [debug] handled request client -> server textDocument/codeAction in 308µs

20:46:09.842 [debug] sent notification server -> client window/logMessage

20:46:09.842 id=253 [debug] handled request client -> server textDocument/documentSymbol in 1ms

20:46:09.843 [debug] sent notification server -> client window/logMessage

20:46:09.843 id=254 [debug] handled request client -> server textDocument/documentSymbol in 1ms

20:46:10.009 id=255 [debug] handled request client -> server textDocument/codeAction in 410µs

20:46:11.323 [debug] handled notification client -> server textDocument/didChange in 1ms

20:46:11.323 id=256 [debug] handled request client -> server textDocument/codeAction in 307µs

20:46:11.633 [debug] handled notification client -> server textDocument/didChange in 615µs

20:46:11.639 id=257 [debug] handled request client -> server textDocument/codeAction in 614µs

20:46:11.740 [debug] sent notification server -> client window/logMessage

20:46:11.740 id=258 [debug] handled request client -> server textDocument/documentSymbol in 1ms

20:46:11.740 [debug] sent notification server -> client window/logMessage

20:46:11.740 id=259 [debug] handled request client -> server textDocument/documentSymbol in 1ms

20:46:12.010 [debug] handled notification client -> server textDocument/didChange in 717µs

20:46:12.106 id=260 [debug] handled request client -> server textDocument/documentSymbol in 2ms

20:46:12.106 id=261 [debug] handled request client -> server textDocument/documentSymbol in 1ms

20:46:13.027 [debug] handled notification client -> server textDocument/didChange in 716µs

20:46:13.027 id=262 [debug] handled request client -> server textDocument/codeAction in 205µs

20:46:13.119 id=263 [debug] handled request client -> server textDocument/documentSymbol in 1ms

20:46:13.136 id=264 [debug] handled request client -> server textDocument/documentSymbol in 2ms

20:46:14.977 [debug] handled notification client -> server textDocument/didSave in 1ms

20:46:15.323 [debug] handled notification client -> server workspace/didChangeWatchedFiles in 512µs

20:46:17.860 id=265 [debug] handled request client -> server textDocument/codeAction in 410µs

20:47:55.887 id=266 [debug] handled request client -> server textDocument/codeAction in 1ms

20:47:58.015 id=267 [debug] handled request client -> server textDocument/codeAction in 512µs

20:47:59.017 id=268 [debug] handled request client -> server textDocument/codeAction in 1ms

20:47:59.421 [debug] handled notification client -> server textDocument/didChange in 1ms

20:47:59.423 id=269 [debug] handled request client -> server textDocument/codeAction in 921µs

20:47:59.520 id=270 [debug] handled request client -> server textDocument/documentSymbol in 3ms

20:47:59.525 id=271 [debug] handled request client -> server textDocument/documentSymbol in 4ms

20:47:59.684 id=272 [debug] handled request client -> server textDocument/codeAction in 409µs

20:48:00.369 [debug] handled notification client -> server textDocument/didChange in 2ms

20:48:00.369 id=273 [debug] handled request client -> server textDocument/codeAction in 512µs

20:48:00.467 id=274 [debug] handled request client -> server textDocument/documentSymbol in 3ms

20:48:00.467 id=275 [debug] handled request client -> server textDocument/documentSymbol in 2ms

20:48:01.517 [debug] handled notification client -> server textDocument/didChange in 819µs

20:48:01.614 id=276 [debug] handled request client -> server textDocument/documentSymbol in 2ms

20:48:01.617 id=277 [debug] handled request client -> server textDocument/documentSymbol in 2ms

20:48:02.468 [debug] handled notification client -> server textDocument/didChange in 1ms

20:48:02.468 id=278 [debug] handled request client -> server textDocument/codeAction in 410µs

20:48:02.564 id=279 [debug] handled request client -> server textDocument/documentSymbol in 2ms

20:48:02.567 id=280 [debug] handled request client -> server textDocument/documentSymbol in 2ms

20:48:04.450 [debug] handled notification client -> server textDocument/didChange in 1ms

20:48:04.450 id=281 [debug] handled request client -> server textDocument/codeAction in 205µs

20:48:04.550 id=282 [debug] handled request client -> server textDocument/documentSymbol in 1ms

20:48:04.556 id=283 [debug] handled request client -> server textDocument/documentSymbol in 2ms

20:48:04.757 [debug] handled notification client -> server textDocument/didChange in 1ms

20:48:04.759 [debug] handled notification client -> server textDocument/didSave in 2ms

20:48:05.131 id=284 [debug] handled request client -> server textDocument/documentSymbol in 2ms

20:48:05.133 id=285 [debug] handled request client -> server textDocument/documentSymbol in 3ms

20:48:05.137 [debug] handled notification client -> server workspace/didChangeWatchedFiles in 512µs

20:48:05.189 [debug] handled notification client -> server textDocument/didSave in 2ms

20:48:05.562 [debug] handled notification client -> server workspace/didChangeWatchedFiles in 512µs

20:48:09.366 id=286 [debug] handled request client -> server textDocument/codeAction in 307µs

20:48:09.960 [debug] handled notification client -> server workspace/didChangeWatchedFiles in 10ms

20:48:10.229 id=287 [debug] handled request client -> server textDocument/codeAction in 410µs

20:48:17.768 [debug] handled notification client -> server textDocument/didChange in 1ms

20:48:17.768 id=288 [debug] handled request client -> server textDocument/codeAction in 307µs

20:48:17.868 id=289 [debug] handled request client -> server textDocument/documentSymbol in 1ms

20:48:17.868 id=290 [debug] handled request client -> server textDocument/documentSymbol in 1ms

20:48:18.459 [debug] handled notification client -> server textDocument/didSave in 1ms

20:48:18.849 [debug] handled notification client -> server workspace/didChangeWatchedFiles in 307µs

20:48:19.851 [debug] handled notification client -> server textDocument/didClose in 103µs

20:56:24.870 [debug] handled notification client -> server textDocument/didOpen in 819µs

20:56:24.888 id=291 [debug] handled request client -> server textDocument/codeAction in 819µs

20:56:24.893 id=292 [debug] handled request client -> server textDocument/documentSymbol in 3ms

20:56:25.142 id=293 [debug] handled request client -> server textDocument/codeAction in 512µs

20:56:25.195 id=294 [debug] handled request client -> server textDocument/documentSymbol in 2ms

20:56:28.587 id=295 [debug] handled request client -> server textDocument/codeAction in 409µs

20:56:29.268 [debug] handled notification client -> server textDocument/didChange in 614µs

20:56:29.371 id=296 [debug] handled request client -> server textDocument/documentSymbol in 1ms

20:56:29.378 id=297 [debug] handled request client -> server textDocument/documentSymbol in 1ms

20:56:30.190 [debug] handled notification client -> server textDocument/didChange in 922µs

20:56:30.190 id=298 [debug] handled request client -> server textDocument/codeAction in 410µs

20:56:30.295 [debug] sent notification server -> client window/logMessage

20:56:30.295 id=299 [debug] handled request client -> server textDocument/documentSymbol in 2ms

20:56:30.298 [debug] sent notification server -> client window/logMessage

20:56:30.298 id=300 [debug] handled request client -> server textDocument/documentSymbol in 1ms

20:56:30.512 id=301 [debug] handled request client -> server textDocument/codeAction in 512µs

20:56:31.498 [debug] handled notification client -> server textDocument/didChange in 717µs

20:56:31.610 id=302 [debug] handled request client -> server textDocument/documentSymbol in 2ms

20:56:31.611 id=303 [debug] handled request client -> server textDocument/documentSymbol in 1ms

20:56:31.640 id=304 [debug] handled request client -> server textDocument/codeAction in 512µs

20:56:31.715 [debug] handled notification client -> server textDocument/didSave in 820µs

20:56:32.108 [debug] handled notification client -> server workspace/didChangeWatchedFiles in 717µs

20:56:34.541 id=305 [debug] handled request client -> server textDocument/codeAction in 205µs

20:56:40.878 id=306 [debug] handled request client -> server textDocument/codeAction in 410µs

20:56:41.112 id=307 [debug] handled request client -> server textDocument/codeAction in 409µs

20:56:41.411 id=308 [debug] handled request client -> server textDocument/documentSymbol in 1ms

20:56:41.769 [debug] handled notification client -> server workspace/didChangeWatchedFiles in 922µs

20:56:42.038 id=309 [debug] handled request client -> server textDocument/codeAction in 307µs

21:09:11.769 id=310 [debug] handled request client -> server textDocument/hover in 1002ms

21:09:11.769 [debug] handled notification client -> server $/cancelRequest in 205µs

21:09:16.039 id=311 [debug] handled request client -> server textDocument/codeAction in 205µs

21:09:33.207 [debug] handled notification client -> server textDocument/didOpen in 307µs

21:09:33.219 id=312 [debug] handled request client -> server textDocument/codeAction in 512µs

21:09:33.222 id=313 [debug] handled request client -> server textDocument/documentSymbol in 1ms

21:09:33.523 id=314 [debug] handled request client -> server textDocument/documentSymbol in 1ms

21:09:45.058 [debug] handled notification client -> server textDocument/didClose in 410µs

21:09:45.075 [debug] handled notification client -> server textDocument/didOpen in 103µs

21:09:45.103 id=315 [debug] handled request client -> server textDocument/codeAction in 410µs

21:09:45.112 id=316 [debug] handled request client -> server textDocument/documentSymbol in 4ms

21:09:45.402 id=317 [debug] handled request client -> server textDocument/documentSymbol in 512µs

21:09:48.788 [debug] handled notification client -> server textDocument/didClose in 204µs

21:09:48.812 [debug] handled notification client -> server textDocument/didOpen in 512µs

21:09:48.826 id=318 [debug] handled request client -> server textDocument/codeAction in 409µs

21:09:48.829 id=319 [debug] handled request client -> server textDocument/documentSymbol in 2ms

21:09:49.126 id=320 [debug] handled request client -> server textDocument/documentSymbol in 1ms

21:09:51.233 id=321 [debug] handled request client -> server textDocument/hover in 1011ms

21:09:51.233 [debug] handled notification client -> server $/cancelRequest in 205µs

21:09:56.370 id=322 [debug] handled request client -> server textDocument/hover in 1015ms

21:09:56.370 [debug] handled notification client -> server $/cancelRequest in 205µs

21:09:57.380 id=323 [debug] handled request client -> server textDocument/hover in 1009ms

21:09:57.380 [debug] handled notification client -> server $/cancelRequest in 205µs

21:09:58.390 id=324 [debug] handled request client -> server textDocument/hover in 1009ms

21:09:58.390 [debug] handled notification client -> server $/cancelRequest in 102µs

21:09:59.400 id=325 [debug] handled request client -> server textDocument/hover in 1009ms

21:09:59.400 [debug] handled notification client -> server $/cancelRequest in 307µs

21:10:00.405 id=326 [debug] handled request client -> server textDocument/hover in 1004ms

21:10:00.405 [debug] handled notification client -> server $/cancelRequest in 102µs

21:10:02.720 id=327 [debug] handled request client -> server textDocument/hover in 1005ms

21:10:02.720 [debug] handled notification client -> server $/cancelRequest in 102µs

21:10:25.032 [debug] handled notification client -> server textDocument/didOpen in 307µs

21:10:25.055 id=328 [debug] handled request client -> server textDocument/codeAction in 717µs

21:10:25.055 id=329 [debug] handled request client -> server textDocument/documentSymbol in 716µs

21:10:25.346 id=330 [debug] handled request client -> server textDocument/documentSymbol in 1ms

21:10:27.280 id=331 [debug] handled request client -> server textDocument/codeAction in 308µs

21:10:33.424 id=332 [debug] handled request client -> server textDocument/codeAction in 409µs

21:10:34.465 [debug] handled notification client -> server textDocument/didClose in 205µs

21:10:34.479 id=333 [debug] handled request client -> server textDocument/codeAction in 409µs

21:10:34.778 id=334 [debug] handled request client -> server textDocument/documentSymbol in 2ms

21:10:40.504 [debug] handled notification client -> server textDocument/didClose in 204µs

21:10:40.530 [debug] handled notification client -> server textDocument/didOpen in 205µs

21:10:40.546 id=335 [debug] handled request client -> server textDocument/codeAction in 1ms

21:10:40.547 id=336 [debug] handled request client -> server textDocument/documentSymbol in 205µs

21:10:40.840 id=337 [debug] handled request client -> server textDocument/documentSymbol in 205µs

21:10:42.591 id=338 [debug] handled request client -> server textDocument/codeAction in 410µs

21:10:43.144 [debug] handled notification client -> server textDocument/didChange in 307µs

21:10:43.248 id=339 [debug] handled request client -> server textDocument/documentSymbol in 615µs

21:10:43.249 id=340 [debug] handled request client -> server textDocument/documentSymbol in 717µs

21:10:43.921 [debug] handled notification client -> server textDocument/didSave in 307µs

21:10:44.320 [debug] handled notification client -> server workspace/didChangeWatchedFiles in 512µs

21:10:44.380 [debug] handled notification client -> server textDocument/didSave in 410µs

21:10:44.757 [debug] handled notification client -> server workspace/didChangeWatchedFiles in 512µs

21:11:28.644 [debug] handled notification client -> server textDocument/didOpen in 410µs

21:11:28.680 id=341 [debug] handled request client -> server textDocument/codeAction in 1ms

21:11:28.682 id=342 [debug] handled request client -> server textDocument/documentSymbol in 1ms

21:11:28.974 id=343 [debug] handled request client -> server textDocument/documentSymbol in 1ms

21:11:31.405 id=344 [debug] handled request client -> server textDocument/codeAction in 205µs

21:11:33.597 id=345 [debug] handled request client -> server textDocument/hover in 1003ms

21:11:33.597 id=346 [debug] handled request client -> server textDocument/codeAction in 615µs

21:11:33.599 id=347 [debug] handled request client -> server textDocument/codeAction in 922µs

21:11:33.599 id=348 [debug] handled request client -> server textDocument/codeAction in 410µs

21:11:33.600 id=349 [debug] handled request client -> server textDocument/codeAction in 409µs

21:11:49.204 id=350 [debug] handled request client -> server textDocument/hover in 1004ms

21:11:52.598 id=351 [debug] handled request client -> server textDocument/codeAction in 615µs

21:11:53.085 id=352 [debug] handled request client -> server textDocument/codeAction in 1ms

21:12:06.662 [debug] handled notification client -> server textDocument/didOpen in 410µs

21:12:06.678 id=353 [debug] handled request client -> server textDocument/codeAction in 614µs

21:12:06.680 id=354 [debug] handled request client -> server textDocument/documentSymbol in 2ms

21:12:06.975 id=355 [debug] handled request client -> server textDocument/documentSymbol in 2ms

21:12:07.062 id=356 [debug] handled request client -> server textDocument/codeAction in 614µs

21:12:08.246 id=357 [debug] handled request client -> server textDocument/hover in 1002ms

21:12:08.246 [debug] handled notification client -> server $/cancelRequest in 103µs

21:12:18.588 id=358 [debug] handled request client -> server textDocument/hover in 1004ms

21:12:18.588 [debug] handled notification client -> server $/cancelRequest in 102µs

21:12:18.588 id=359 [debug] handled request client -> server textDocument/codeAction in 307µs

21:12:18.837 id=360 [debug] handled request client -> server textDocument/codeAction in 204µs

21:12:20.187 id=361 [debug] handled request client -> server textDocument/codeAction in 512µs

21:12:23.436 id=362 [debug] handled request client -> server textDocument/hover in 1014ms

21:12:23.436 [debug] handled notification client -> server $/cancelRequest in 307µs

21:12:32.258 [debug] handled notification client -> server textDocument/didClose in 205µs

21:12:32.273 id=363 [debug] handled request client -> server textDocument/codeAction in 307µs

21:12:32.572 id=364 [debug] handled request client -> server textDocument/documentSymbol in 922µs

21:12:32.589 id=365 [debug] handled request client -> server textDocument/codeAction in 615µs

21:12:36.419 id=366 [debug] handled request client -> server textDocument/codeAction in 615µs

21:12:36.671 id=367 [debug] handled request client -> server textDocument/codeAction in 409µs

21:12:36.715 id=368 [debug] handled request client -> server textDocument/documentSymbol in 1ms

21:12:38.639 id=369 [debug] handled request client -> server textDocument/hover in 1004ms

21:12:38.640 [debug] handled notification client -> server $/cancelRequest in 102µs

21:12:38.640 id=370 [debug] handled request client -> server textDocument/codeAction in 308µs

21:12:39.727 [debug] handled notification client -> server textDocument/didChange in 615µs

21:12:39.840 id=371 [debug] handled request client -> server textDocument/documentSymbol in 2ms

21:12:39.842 id=372 [debug] handled request client -> server textDocument/documentSymbol in 1ms

21:12:40.108 [debug] handled notification client -> server textDocument/didChange in 819µs

21:12:40.108 id=373 [debug] handled request client -> server textDocument/codeAction in 205µs

21:12:40.209 id=374 [debug] handled request client -> server textDocument/documentSymbol in 1ms

21:12:40.211 id=375 [debug] handled request client -> server textDocument/documentSymbol in 2ms

21:12:40.946 [debug] handled notification client -> server textDocument/didChange in 717µs

21:12:40.947 [debug] handled notification client -> server textDocument/didSave in 1ms

21:12:41.323 [debug] handled notification client -> server workspace/didChangeWatchedFiles in 819µs

21:12:41.326 id=376 [debug] handled request client -> server textDocument/documentSymbol in 2ms

21:12:41.327 id=377 [debug] handled request client -> server textDocument/documentSymbol in 1ms

21:12:44.197 id=378 [debug] handled request client -> server textDocument/codeAction in 410µs

21:12:48.279 [debug] handled notification client -> server workspace/didChangeWatchedFiles in 512µs

21:12:48.545 id=379 [debug] handled request client -> server textDocument/codeAction in 820µs

21:12:49.115 [debug] handled notification client -> server workspace/didChangeWatchedFiles in 512µs

21:12:52.239 [debug] handled notification client -> server textDocument/didClose in 102µs

21:12:52.251 id=380 [debug] handled request client -> server textDocument/codeAction in 307µs

21:12:52.510 id=381 [debug] handled request client -> server textDocument/codeAction in 410µs

21:12:52.561 id=382 [debug] handled request client -> server textDocument/documentSymbol in 819µs

21:12:53.784 id=383 [debug] handled request client -> server textDocument/codeAction in 205µs

21:12:57.079 [debug] handled notification client -> server textDocument/didSave in 308µs

21:12:57.422 [debug] handled notification client -> server workspace/didChangeWatchedFiles in 512µs

21:12:58.602 id=384 [debug] handled request client -> server textDocument/codeAction in 205µs

21:12:58.940 [debug] handled notification client -> server textDocument/didSave in 308µs

21:12:59.324 [debug] handled notification client -> server workspace/didChangeWatchedFiles in 409µs

21:13:01.738 id=385 [debug] handled request client -> server textDocument/hover in 1005ms

21:13:03.956 id=386 [debug] handled request client -> server textDocument/hover in 1013ms

21:13:03.956 [debug] handled notification client -> server $/cancelRequest in 205µs

21:13:04.969 id=387 [debug] handled request client -> server textDocument/hover in 1012ms

21:13:08.877 id=388 [debug] handled request client -> server textDocument/codeAction in 205µs

21:13:10.698 id=389 [debug] handled request client -> server textDocument/codeAction in 307µs

21:13:10.993 id=390 [debug] handled request client -> server textDocument/documentSymbol in 512µs

21:14:22.252 id=391 [debug] handled request client -> server textDocument/hover in 1004ms

21:14:22.252 [debug] handled notification client -> server $/cancelRequest in 102µs

21:14:23.364 id=392 [debug] handled request client -> server textDocument/codeAction in 409µs

21:14:27.981 [debug] handled notification client -> server textDocument/didClose in 307µs

21:14:28.648 [debug] handled notification client -> server textDocument/didClose in 204µs

21:14:38.754 [debug] handled notification client -> server textDocument/didOpen in 307µs

21:14:38.774 id=393 [debug] handled request client -> server textDocument/codeAction in 717µs

21:14:38.776 id=394 [debug] handled request client -> server textDocument/documentSymbol in 1ms

21:14:39.033 id=395 [debug] handled request client -> server textDocument/codeAction in 512µs

21:14:39.067 id=396 [debug] handled request client -> server textDocument/documentSymbol in 1ms

21:14:42.760 id=397 [debug] handled request client -> server textDocument/hover in 1014ms

21:14:42.760 [debug] handled notification client -> server $/cancelRequest in 205µs

21:14:43.773 id=398 [debug] handled request client -> server textDocument/hover in 1012ms

21:14:43.773 [debug] handled notification client -> server $/cancelRequest in 102µs

21:14:44.786 id=399 [debug] handled request client -> server textDocument/hover in 1012ms

21:14:44.786 [debug] handled notification client -> server $/cancelRequest in 102µs

21:14:44.787 id=400 [debug] handled request client -> server textDocument/codeAction in 615µs

21:14:46.418 [error] ** (Protocol.UndefinedError) protocol Enumerable not implemented for :timeout of type Atom. This protocol is implemented for the following type(s): DBConnection.PrepareStream, DBConnection.Stream, Date.Range, Exqlite.Stream, File.Stream, Function, GenEvent.Stream, HashDict, HashSet, IO.Stream, Jason.OrderedObject, List, Map, MapSet, Range, Stream
    (elixir 1.17.2) lib/enum.ex:1: Enumerable.impl_for!/1
    (elixir 1.17.2) lib/enum.ex:166: Enumerable.reduce/3
    (elixir 1.17.2) lib/enum.ex:4423: Enum.reject/2
    (next_ls 0.23.2) lib/next_ls.ex:244: NextLS.handle_request/2
    (gen_lsp 0.10.0) lib/gen_lsp.ex:350: anonymous fn/2 in GenLSP.loop/3
    (telemetry 1.2.1) /Users/runner/work/next-ls/next-ls/deps/telemetry/src/telemetry.erl:321: :telemetry.span/3
    (gen_lsp 0.10.0) lib/gen_lsp.ex:349: anonymous fn/7 in GenLSP.loop/3
    (gen_lsp 0.10.0) lib/gen_lsp.ex:553: GenLSP.attempt/4


21:14:46.418 [debug] sent notification server -> client window/logMessage

21:14:46.418 id=402 [debug] handled request client -> server textDocument/codeAction in 102µs

21:14:48.120 id=403 [debug] handled request client -> server textDocument/codeAction in 615µs

21:14:49.216 id=404 [debug] handled request client -> server textDocument/codeAction in 205µs

21:14:49.600 id=405 [debug] handled request client -> server textDocument/codeAction in 615µs

21:14:53.183 id=406 [debug] handled request client -> server textDocument/codeAction in 205µs

21:14:54.067 id=407 [debug] handled request client -> server textDocument/codeAction in 205µs

21:14:55.533 [debug] handled notification client -> server textDocument/didChange in 819µs

21:14:55.533 id=408 [debug] handled request client -> server textDocument/codeAction in 205µs

21:14:55.640 id=409 [debug] handled request client -> server textDocument/documentSymbol in 1ms

21:14:55.670 [debug] handled notification client -> server textDocument/didChange in 717µs

21:14:55.671 id=410 [debug] handled request client -> server textDocument/documentSymbol in 1ms

21:14:56.171 [debug] handled notification client -> server textDocument/didChange in 205µs

21:14:56.172 id=411 [debug] handled request client -> server textDocument/codeAction in 410µs

21:14:56.274 id=412 [debug] handled request client -> server textDocument/documentSymbol in 1ms

21:14:56.275 id=413 [debug] handled request client -> server textDocument/documentSymbol in 1ms

21:14:58.853 id=414 [debug] handled request client -> server textDocument/codeAction in 614µs

21:14:59.445 id=415 [debug] handled request client -> server textDocument/codeAction in 307µs

21:15:00.040 id=416 [debug] handled request client -> server textDocument/codeAction in 205µs

21:15:00.976 [debug] handled notification client -> server textDocument/didChange in 307µs

21:15:00.976 id=417 [debug] handled request client -> server textDocument/codeAction in 205µs

21:15:01.078 id=418 [debug] handled request client -> server textDocument/documentSymbol in 1ms

21:15:01.088 id=419 [debug] handled request client -> server textDocument/documentSymbol in 1ms

21:15:01.412 id=420 [debug] handled request client -> server textDocument/codeAction in 307µs

21:15:01.942 id=421 [debug] handled request client -> server textDocument/codeAction in 307µs

21:15:02.981 id=422 [debug] handled request client -> server textDocument/codeAction in 512µs

21:15:03.956 id=423 [debug] handled request client -> server textDocument/codeAction in 307µs

21:15:07.208 [debug] handled notification client -> server textDocument/didChange in 512µs

21:15:07.307 id=424 [debug] handled request client -> server textDocument/documentSymbol in 922µs

21:15:07.320 id=425 [debug] handled request client -> server textDocument/documentSymbol in 1ms

21:15:07.847 [debug] handled notification client -> server textDocument/didChange in 410µs

21:15:07.946 [debug] handled notification client -> server textDocument/didChange in 205µs

21:15:07.947 id=426 [debug] handled request client -> server textDocument/documentSymbol in 922µs

21:15:09.071 [debug] handled notification client -> server textDocument/didChange in 410µs

21:15:09.167 id=427 [debug] handled request client -> server textDocument/documentSymbol in 1ms

21:15:09.170 id=428 [debug] handled request client -> server textDocument/documentSymbol in 1ms

21:15:09.622 [debug] handled notification client -> server textDocument/didChange in 205µs

21:15:11.905 [debug] handled notification client -> server textDocument/didChange in 614µs

21:15:12.003 id=429 [debug] handled request client -> server textDocument/documentSymbol in 1ms

21:15:12.006 id=430 [debug] handled request client -> server textDocument/documentSymbol in 1ms

21:15:13.315 [debug] handled notification client -> server textDocument/didChange in 205µs

21:15:13.409 id=431 [debug] handled request client -> server textDocument/documentSymbol in 1ms

21:15:13.415 id=432 [debug] handled request client -> server textDocument/documentSymbol in 1ms

21:15:13.686 [debug] handled notification client -> server textDocument/didChange in 205µs

21:15:13.781 [debug] sent notification server -> client window/logMessage

21:15:13.781 id=433 [debug] handled request client -> server textDocument/documentSymbol in 819µs

21:15:13.786 [debug] sent notification server -> client window/logMessage

21:15:13.787 id=434 [debug] handled request client -> server textDocument/documentSymbol in 1ms

21:15:13.998 id=435 [debug] handled request client -> server textDocument/codeAction in 615µs

21:15:14.489 id=436 [debug] handled request client -> server textDocument/codeAction in 716µs

21:15:15.524 id=437 [debug] handled request client -> server textDocument/codeAction in 819µs

21:15:16.176 id=438 [debug] handled request client -> server textDocument/codeAction in 820µs

21:15:16.564 [debug] handled notification client -> server textDocument/didChange in 307µs

21:15:16.655 id=439 [debug] handled request client -> server textDocument/documentSymbol in 1ms

21:15:16.656 id=440 [debug] handled request client -> server textDocument/documentSymbol in 922µs

21:15:16.887 id=441 [debug] handled request client -> server textDocument/codeAction in 205µs

21:15:17.514 id=442 [debug] handled request client -> server textDocument/codeAction in 307µs

21:15:18.711 [debug] handled notification client -> server textDocument/didSave in 615µs

21:15:19.031 [debug] handled notification client -> server workspace/didChangeWatchedFiles in 614µs

21:15:19.202 [debug] handled notification client -> server textDocument/didSave in 205µs

21:15:19.535 [debug] handled notification client -> server workspace/didChangeWatchedFiles in 307µs

21:15:19.619 [debug] handled notification client -> server textDocument/didSave in 410µs

21:15:19.961 [debug] handled notification client -> server textDocument/didSave in 308µs

21:15:20.052 [debug] handled notification client -> server workspace/didChangeWatchedFiles in 410µs

21:15:20.346 [debug] handled notification client -> server workspace/didChangeWatchedFiles in 921µs

21:15:20.354 [debug] handled notification client -> server textDocument/didSave in 205µs

21:15:20.746 [debug] handled notification client -> server workspace/didChangeWatchedFiles in 615µs

21:15:56.240 id=443 [debug] handled request client -> server textDocument/hover in 1012ms

21:15:56.240 [debug] handled notification client -> server $/cancelRequest in 102µs

21:15:57.249 id=444 [debug] handled request client -> server textDocument/hover in 1008ms

21:15:57.249 [debug] handled notification client -> server $/cancelRequest in 204µs

21:15:57.249 id=445 [debug] handled request client -> server textDocument/codeAction in 512µs

21:15:58.072 id=446 [debug] handled request client -> server textDocument/codeAction in 614µs

21:15:58.781 id=447 [debug] handled request client -> server textDocument/codeAction in 307µs

21:16:06.007 id=448 [debug] handled request client -> server textDocument/codeAction in 205µs

21:16:06.673 [debug] handled notification client -> server textDocument/didSave in 307µs

21:16:07.009 [debug] handled notification client -> server workspace/didChangeWatchedFiles in 512µs

21:16:07.679 [debug] handled notification client -> server textDocument/didClose in 205µs

21:16:14.082 [debug] handled notification client -> server textDocument/didOpen in 615µs

21:16:14.095 id=449 [debug] handled request client -> server textDocument/codeAction in 819µs

21:16:14.098 id=450 [debug] handled request client -> server textDocument/documentSymbol in 1ms

21:16:14.394 id=451 [debug] handled request client -> server textDocument/documentSymbol in 1ms

21:16:17.207 id=452 [debug] handled request client -> server textDocument/codeAction in 512µs

21:16:19.260 id=453 [debug] handled request client -> server textDocument/codeAction in 205µs

21:16:20.782 [debug] handled notification client -> server textDocument/didChange in 819µs

21:16:20.782 id=454 [debug] handled request client -> server textDocument/codeAction in 308µs

21:16:20.876 id=455 [debug] handled request client -> server textDocument/documentSymbol in 1ms

21:16:20.884 id=456 [debug] handled request client -> server textDocument/documentSymbol in 1ms

21:16:21.295 id=457 [debug] handled request client -> server textDocument/codeAction in 204µs

21:16:21.645 id=458 [debug] handled request client -> server textDocument/codeAction in 512µs

21:16:22.094 [debug] handled notification client -> server textDocument/didChange in 717µs

21:16:22.095 id=459 [debug] handled request client -> server textDocument/codeAction in 204µs

21:16:22.194 id=460 [debug] handled request client -> server textDocument/documentSymbol in 1ms

21:16:22.195 id=461 [debug] handled request client -> server textDocument/documentSymbol in 1ms

21:16:22.412 id=462 [debug] handled request client -> server textDocument/codeAction in 512µs

21:16:22.991 [debug] handled notification client -> server textDocument/didSave in 1ms

21:16:23.267 id=463 [debug] handled request client -> server textDocument/codeAction in 409µs

21:16:23.373 [debug] handled notification client -> server workspace/didChangeWatchedFiles in 717µs

21:16:23.375 [debug] handled notification client -> server textDocument/didSave in 1ms

21:16:23.773 [debug] handled notification client -> server workspace/didChangeWatchedFiles in 512µs

21:18:12.743 id=464 [debug] handled request client -> server textDocument/hover in 1013ms

21:18:12.743 [debug] handled notification client -> server $/cancelRequest in 102µs

21:18:13.700 id=465 [debug] handled request client -> server textDocument/codeAction in 307µs

21:18:14.538 [debug] handled notification client -> server textDocument/didChange in 512µs

21:18:14.651 id=466 [debug] handled request client -> server textDocument/documentSymbol in 2ms

21:18:14.652 id=467 [debug] handled request client -> server textDocument/documentSymbol in 1ms

21:18:15.036 [debug] handled notification client -> server textDocument/didChange in 820µs

21:18:15.037 id=468 [debug] handled request client -> server textDocument/codeAction in 205µs

21:18:15.137 [debug] sent notification server -> client window/logMessage

21:18:15.137 id=469 [debug] handled request client -> server textDocument/documentSymbol in 1ms

21:18:15.138 [debug] sent notification server -> client window/logMessage

21:18:15.138 id=470 [debug] handled request client -> server textDocument/documentSymbol in 1ms

21:18:15.367 id=471 [debug] handled request client -> server textDocument/codeAction in 512µs

21:18:16.473 [debug] handled notification client -> server textDocument/didChange in 614µs

21:18:16.569 id=472 [debug] handled request client -> server textDocument/documentSymbol in 1ms

21:18:16.573 id=473 [debug] handled request client -> server textDocument/documentSymbol in 1ms

21:18:16.601 id=474 [debug] handled request client -> server textDocument/codeAction in 819µs

21:19:02.456 [debug] handled notification client -> server textDocument/didChange in 819µs

21:19:02.456 id=475 [debug] handled request client -> server textDocument/codeAction in 205µs

21:19:02.551 [debug] sent notification server -> client window/logMessage

21:19:02.551 id=476 [debug] handled request client -> server textDocument/documentSymbol in 1ms

21:19:02.551 [debug] sent notification server -> client window/logMessage

21:19:02.551 id=477 [debug] handled request client -> server textDocument/documentSymbol in 922µs

21:19:02.776 id=478 [debug] handled request client -> server textDocument/codeAction in 614µs

21:19:03.063 [debug] handled notification client -> server textDocument/didChange in 922µs

21:19:03.063 id=479 [debug] handled request client -> server textDocument/codeAction in 410µs

21:19:03.175 [debug] sent notification server -> client window/logMessage

21:19:03.175 id=480 [debug] handled request client -> server textDocument/documentSymbol in 2ms

21:19:03.175 [debug] sent notification server -> client window/logMessage

21:19:03.175 id=481 [debug] handled request client -> server textDocument/documentSymbol in 1ms

21:19:03.399 id=482 [debug] handled request client -> server textDocument/codeAction in 512µs

21:19:04.185 [debug] handled notification client -> server textDocument/didChange in 1ms

21:19:04.185 id=483 [debug] handled request client -> server textDocument/codeAction in 512µs

21:19:04.280 [debug] sent notification server -> client window/logMessage

21:19:04.280 id=484 [debug] handled request client -> server textDocument/documentSymbol in 1ms

21:19:04.280 [debug] sent notification server -> client window/logMessage

21:19:04.280 id=485 [debug] handled request client -> server textDocument/documentSymbol in 1ms

21:19:04.505 id=486 [debug] handled request client -> server textDocument/codeAction in 819µs

21:19:06.818 [debug] handled notification client -> server textDocument/didChange in 819µs

21:19:06.820 id=487 [debug] handled request client -> server textDocument/codeAction in 717µs

21:19:06.909 [debug] sent notification server -> client window/logMessage

21:19:06.909 id=488 [debug] handled request client -> server textDocument/documentSymbol in 1ms

21:19:06.925 [debug] sent notification server -> client window/logMessage

21:19:06.925 id=489 [debug] handled request client -> server textDocument/documentSymbol in 1ms

21:19:07.132 id=490 [debug] handled request client -> server textDocument/codeAction in 512µs

21:19:08.568 [debug] handled notification client -> server textDocument/didChange in 512µs

21:19:08.658 id=491 [debug] handled request client -> server textDocument/documentSymbol in 1ms

21:19:08.660 id=492 [debug] handled request client -> server textDocument/documentSymbol in 1ms

21:19:08.690 id=493 [debug] handled request client -> server textDocument/codeAction in 307µs

21:19:09.814 [debug] handled notification client -> server textDocument/didChange in 717µs

21:19:09.908 [debug] sent notification server -> client window/logMessage

21:19:09.908 id=494 [debug] handled request client -> server textDocument/documentSymbol in 1ms

21:19:09.912 [debug] sent notification server -> client window/logMessage

21:19:09.912 id=495 [debug] handled request client -> server textDocument/documentSymbol in 1ms

21:19:09.955 id=496 [debug] handled request client -> server textDocument/codeAction in 819µs

21:19:12.109 id=497 [debug] handled request client -> server textDocument/codeAction in 614µs

21:19:12.922 [debug] handled notification client -> server textDocument/didChange in 717µs

21:19:13.018 [debug] sent notification server -> client window/logMessage

21:19:13.018 id=498 [debug] handled request client -> server textDocument/documentSymbol in 1ms

21:19:13.023 [debug] sent notification server -> client window/logMessage

21:19:13.023 id=499 [debug] handled request client -> server textDocument/documentSymbol in 1ms

21:19:13.064 id=500 [debug] handled request client -> server textDocument/codeAction in 512µs

21:19:14.867 id=501 [debug] handled request client -> server textDocument/codeAction in 307µs

21:19:15.225 id=502 [debug] handled request client -> server textDocument/codeAction in 308µs

21:19:15.821 id=503 [debug] handled request client -> server textDocument/codeAction in 307µs

21:19:16.847 [debug] handled notification client -> server textDocument/didChange in 614µs

21:19:16.961 id=504 [debug] handled request client -> server textDocument/documentSymbol in 1ms

21:19:16.963 id=505 [debug] handled request client -> server textDocument/documentSymbol in 1ms

21:19:16.991 id=506 [debug] handled request client -> server textDocument/codeAction in 614µs

21:19:17.080 [debug] handled notification client -> server textDocument/didChange in 1ms

21:19:17.081 [debug] handled notification client -> server textDocument/didSave in 922µs

21:19:17.470 [debug] handled notification client -> server workspace/didChangeWatchedFiles in 409µs

21:19:17.472 id=507 [debug] handled request client -> server textDocument/documentSymbol in 2ms

21:19:17.475 id=508 [debug] handled request client -> server textDocument/documentSymbol in 2ms

21:19:20.463 id=509 [debug] handled request client -> server textDocument/codeAction in 307µs

21:19:51.861 id=510 [debug] handled request client -> server textDocument/codeAction in 512µs

21:19:52.221 [debug] handled notification client -> server textDocument/didSave in 1ms

21:19:52.488 id=511 [debug] handled request client -> server textDocument/codeAction in 512µs

21:19:52.612 [debug] handled notification client -> server workspace/didChangeWatchedFiles in 512µs

21:19:55.429 id=512 [debug] handled request client -> server textDocument/codeAction in 307µs

21:20:00.014 [debug] handled notification client -> server workspace/didChangeWatchedFiles in 8ms

21:20:00.282 id=513 [debug] handled request client -> server textDocument/codeAction in 615µs

21:20:03.313 [debug] handled notification client -> server workspace/didChangeWatchedFiles in 615µs

21:20:18.921 [debug] handled notification client -> server textDocument/didOpen in 102µs

21:20:18.933 id=514 [debug] handled request client -> server textDocument/codeAction in 1ms

21:20:18.934 id=515 [debug] handled request client -> server textDocument/documentSymbol in 1ms

21:20:19.229 id=516 [debug] handled request client -> server textDocument/documentSymbol in 512µs

21:20:19.252 id=517 [debug] handled request client -> server textDocument/codeAction in 307µs

21:20:41.821 [debug] handled notification client -> server textDocument/didClose in 102µs

21:20:41.866 id=518 [debug] handled request client -> server textDocument/codeAction in 922µs

21:20:42.115 id=519 [debug] handled request client -> server textDocument/codeAction in 307µs

21:20:42.168 id=520 [debug] handled request client -> server textDocument/documentSymbol in 1ms

21:20:43.187 [debug] handled notification client -> server workspace/didChangeWatchedFiles in 1005ms

21:20:45.718 [debug] handled notification client -> server textDocument/didSave in 1ms

21:20:46.301 [debug] handled notification client -> server workspace/didChangeWatchedFiles in 410µs

21:22:18.490 [debug] handled notification client -> server textDocument/didOpen in 307µs

21:22:18.502 id=521 [debug] handled request client -> server textDocument/codeAction in 1ms

21:22:18.504 id=522 [debug] handled request client -> server textDocument/documentSymbol in 1ms

21:22:18.756 id=523 [debug] handled request client -> server textDocument/codeAction in 205µs

21:22:18.808 id=524 [debug] handled request client -> server textDocument/documentSymbol in 717µs

21:22:22.271 id=525 [debug] handled request client -> server textDocument/codeAction in 512µs

21:22:22.681 id=526 [debug] handled request client -> server textDocument/codeAction in 205µs

21:22:23.523 [debug] handled notification client -> server textDocument/didChange in 614µs

21:22:23.627 id=527 [debug] handled request client -> server textDocument/documentSymbol in 1ms

21:22:23.631 id=528 [debug] handled request client -> server textDocument/documentSymbol in 1ms

21:22:23.881 [debug] handled notification client -> server textDocument/didChange in 512µs

21:22:23.991 id=529 [debug] handled request client -> server textDocument/documentSymbol in 1ms

21:22:23.992 id=530 [debug] handled request client -> server textDocument/documentSymbol in 1ms

21:22:24.287 [debug] handled notification client -> server textDocument/didChange in 615µs

21:22:24.390 id=531 [debug] handled request client -> server textDocument/documentSymbol in 1ms

21:22:24.390 id=532 [debug] handled request client -> server textDocument/documentSymbol in 921µs

21:22:24.765 [debug] handled notification client -> server textDocument/didChange in 717µs

21:22:24.768 id=533 [debug] handled request client -> server textDocument/codeAction in 205µs

21:22:24.871 id=534 [debug] handled request client -> server textDocument/documentSymbol in 1ms

21:22:24.871 id=535 [debug] handled request client -> server textDocument/documentSymbol in 1ms

21:22:25.436 [debug] handled notification client -> server textDocument/didSave in 615µs

21:22:25.821 [debug] handled notification client -> server workspace/didChangeWatchedFiles in 615µs

21:22:25.837 [debug] handled notification client -> server textDocument/didSave in 717µs

21:22:26.217 [debug] handled notification client -> server workspace/didChangeWatchedFiles in 409µs

21:22:26.522 [debug] handled notification client -> server textDocument/didClose in 205µs

21:22:26.538 id=536 [debug] handled request client -> server textDocument/codeAction in 1ms

21:22:26.785 id=537 [debug] handled request client -> server textDocument/codeAction in 410µs

21:22:26.833 id=538 [debug] handled request client -> server textDocument/documentSymbol in 2ms

21:22:50.776 id=539 [debug] handled request client -> server textDocument/codeAction in 614µs

21:22:51.568 [debug] handled notification client -> server textDocument/didSave in 922µs

21:22:51.912 [debug] handled notification client -> server workspace/didChangeWatchedFiles in 410µs

21:22:55.610 id=540 [debug] handled request client -> server textDocument/codeAction in 1ms

21:22:56.247 [debug] handled notification client -> server textDocument/didSave in 820µs

21:22:56.632 [debug] handled notification client -> server workspace/didChangeWatchedFiles in 307µs

21:23:21.485 id=541 [debug] handled request client -> server textDocument/codeAction in 410µs

21:23:21.990 [debug] handled notification client -> server textDocument/didClose in 205µs

21:23:33.045 [debug] handled notification client -> server textDocument/didOpen in 103µs

21:23:33.058 id=542 [debug] handled request client -> server textDocument/codeAction in 410µs

21:23:33.062 id=543 [debug] handled request client -> server textDocument/documentSymbol in 2ms

21:23:33.355 id=544 [debug] handled request client -> server textDocument/documentSymbol in 409µs

21:23:46.429 [debug] handled notification client -> server textDocument/didClose in 103µs

21:23:46.454 [debug] handled notification client -> server textDocument/didOpen in 308µs

21:23:46.465 id=545 [debug] handled request client -> server textDocument/codeAction in 512µs

21:23:46.467 id=546 [debug] handled request client -> server textDocument/documentSymbol in 1ms

21:23:46.764 id=547 [debug] handled request client -> server textDocument/documentSymbol in 1ms

21:23:53.433 id=548 [debug] handled request client -> server textDocument/hover in 1010ms

21:23:53.433 [debug] handled notification client -> server $/cancelRequest in 102µs

21:23:54.573 id=549 [debug] handled request client -> server textDocument/hover in 1012ms

21:23:54.573 [debug] handled notification client -> server $/cancelRequest in 102µs

21:24:02.324 id=550 [debug] handled request client -> server textDocument/hover in 1010ms

21:24:02.325 [debug] handled notification client -> server $/cancelRequest in 205µs

21:24:05.706 id=551 [debug] handled request client -> server textDocument/hover in 1003ms

21:24:07.324 id=552 [debug] handled request client -> server textDocument/hover in 1007ms

21:24:11.408 id=553 [debug] handled request client -> server textDocument/hover in 1015ms

21:24:15.100 id=554 [debug] handled request client -> server textDocument/hover in 1008ms

21:24:15.100 [debug] handled notification client -> server $/cancelRequest in 102µs

21:24:16.105 id=555 [debug] handled request client -> server textDocument/hover in 1004ms

21:24:16.105 [debug] handled notification client -> server $/cancelRequest in 103µs

21:24:17.112 id=556 [debug] handled request client -> server textDocument/hover in 1007ms

21:24:17.112 [debug] handled notification client -> server $/cancelRequest in 205µs

21:24:34.407 id=557 [debug] handled request client -> server textDocument/hover in 1013ms

21:24:36.167 id=558 [debug] handled request client -> server textDocument/hover in 1014ms

21:24:36.167 [debug] handled notification client -> server $/cancelRequest in 103µs

21:24:36.167 id=559 [debug] handled request client -> server textDocument/codeAction in 308µs

21:24:39.433 [debug] handled notification client -> server textDocument/didClose in 205µs

21:24:39.449 [debug] handled notification client -> server textDocument/didOpen in 205µs

21:24:39.467 id=560 [debug] handled request client -> server textDocument/codeAction in 1ms

21:24:39.469 id=561 [debug] handled request client -> server textDocument/documentSymbol in 1ms

21:24:39.758 id=562 [debug] handled request client -> server textDocument/documentSymbol in 1ms

21:24:43.261 id=563 [debug] handled request client -> server textDocument/hover in 1013ms

21:24:43.261 [debug] handled notification client -> server $/cancelRequest in 102µs

21:24:51.294 [debug] handled notification client -> server textDocument/didClose in 205µs

21:24:51.334 [debug] handled notification client -> server textDocument/didOpen in 1ms

21:24:51.346 id=564 [debug] handled request client -> server textDocument/codeAction in 410µs

21:24:51.347 id=565 [debug] handled request client -> server textDocument/documentSymbol in 1ms

21:24:51.653 id=566 [debug] handled request client -> server textDocument/documentSymbol in 1ms

21:25:10.985 [debug] handled notification client -> server textDocument/didClose in 819µs

21:25:11.002 [debug] handled notification client -> server textDocument/didOpen in 307µs

21:25:11.019 id=567 [debug] handled request client -> server textDocument/codeAction in 410µs

21:25:11.019 id=568 [debug] handled request client -> server textDocument/documentSymbol in 922µs

21:25:11.308 id=569 [debug] handled request client -> server textDocument/documentSymbol in 717µs

21:25:16.352 [debug] handled notification client -> server textDocument/didClose in 205µs

21:25:16.387 [debug] handled notification client -> server textDocument/didOpen in 512µs

21:25:16.402 id=570 [debug] handled request client -> server textDocument/codeAction in 1ms

21:25:16.405 id=571 [debug] handled request client -> server textDocument/documentSymbol in 2ms

21:25:16.706 id=572 [debug] handled request client -> server textDocument/documentSymbol in 1ms

21:25:19.185 id=573 [debug] handled request client -> server textDocument/hover in 1013ms

21:25:19.185 [debug] handled notification client -> server $/cancelRequest in 205µs

21:25:30.466 id=574 [debug] handled request client -> server textDocument/hover in 1004ms

21:25:30.466 [debug] handled notification client -> server $/cancelRequest in 103µs

21:25:30.467 id=575 [debug] handled request client -> server textDocument/codeAction in 717µs

21:25:31.481 [error] ** (Protocol.UndefinedError) protocol Enumerable not implemented for :timeout of type Atom. This protocol is implemented for the following type(s): DBConnection.PrepareStream, DBConnection.Stream, Date.Range, Exqlite.Stream, File.Stream, Function, GenEvent.Stream, HashDict, HashSet, IO.Stream, Jason.OrderedObject, List, Map, MapSet, Range, Stream
    (elixir 1.17.2) lib/enum.ex:1: Enumerable.impl_for!/1
    (elixir 1.17.2) lib/enum.ex:166: Enumerable.reduce/3
    (elixir 1.17.2) lib/enum.ex:4423: Enum.reject/2
    (next_ls 0.23.2) lib/next_ls.ex:244: NextLS.handle_request/2
    (gen_lsp 0.10.0) lib/gen_lsp.ex:350: anonymous fn/2 in GenLSP.loop/3
    (telemetry 1.2.1) /Users/runner/work/next-ls/next-ls/deps/telemetry/src/telemetry.erl:321: :telemetry.span/3
    (gen_lsp 0.10.0) lib/gen_lsp.ex:349: anonymous fn/7 in GenLSP.loop/3
    (gen_lsp 0.10.0) lib/gen_lsp.ex:553: GenLSP.attempt/4


21:25:31.481 [debug] sent notification server -> client window/logMessage

21:25:31.481 id=577 [debug] handled request client -> server textDocument/codeAction in 512µs

21:26:17.326 id=578 [debug] handled request client -> server textDocument/codeAction in 204µs

21:27:36.997 id=579 [debug] handled request client -> server textDocument/codeAction in 409µs

21:27:37.597 id=580 [debug] handled request client -> server textDocument/codeAction in 307µs

21:27:40.197 [debug] handled notification client -> server textDocument/didClose in 103µs

21:27:40.228 [debug] handled notification client -> server textDocument/didOpen in 307µs

21:27:40.239 id=581 [debug] handled request client -> server textDocument/codeAction in 409µs

21:27:40.240 id=582 [debug] handled request client -> server textDocument/documentSymbol in 1ms

21:27:40.485 id=583 [debug] handled request client -> server textDocument/codeAction in 512µs

21:27:40.534 id=584 [debug] handled request client -> server textDocument/documentSymbol in 819µs

21:27:57.952 [debug] handled notification client -> server textDocument/didClose in 205µs

21:27:57.978 [debug] handled notification client -> server textDocument/didOpen in 614µs

21:27:57.989 id=585 [debug] handled request client -> server textDocument/codeAction in 614µs

21:27:57.991 id=586 [debug] handled request client -> server textDocument/documentSymbol in 1ms

21:27:58.240 id=587 [debug] handled request client -> server textDocument/codeAction in 410µs

21:27:58.289 id=588 [debug] handled request client -> server textDocument/documentSymbol in 717µs

21:27:59.618 [debug] handled notification client -> server textDocument/didClose in 205µs

21:27:59.648 [debug] handled notification client -> server textDocument/didOpen in 717µs

21:27:59.658 id=589 [debug] handled request client -> server textDocument/codeAction in 410µs

21:27:59.659 id=590 [debug] handled request client -> server textDocument/documentSymbol in 717µs

21:27:59.956 id=591 [debug] handled request client -> server textDocument/documentSymbol in 717µs

21:28:20.527 [debug] handled notification client -> server textDocument/didClose in 307µs

21:28:20.565 [debug] handled notification client -> server textDocument/didOpen in 205µs

21:28:20.576 id=592 [debug] handled request client -> server textDocument/codeAction in 512µs

21:28:20.578 id=593 [debug] handled request client -> server textDocument/documentSymbol in 1ms

21:28:20.873 id=594 [debug] handled request client -> server textDocument/documentSymbol in 921µs

21:28:25.619 [debug] handled notification client -> server textDocument/didClose in 205µs

21:28:25.656 [debug] handled notification client -> server textDocument/didOpen in 615µs

21:28:25.671 id=595 [debug] handled request client -> server textDocument/codeAction in 1ms

21:28:25.673 id=596 [debug] handled request client -> server textDocument/documentSymbol in 1ms

21:28:25.970 id=597 [debug] handled request client -> server textDocument/documentSymbol in 615µs

21:28:31.719 [debug] handled notification client -> server textDocument/didClose in 205µs

21:28:31.752 [debug] handled notification client -> server textDocument/didOpen in 1ms

21:28:31.763 id=598 [debug] handled request client -> server textDocument/codeAction in 410µs

21:28:31.763 id=599 [debug] handled request client -> server textDocument/documentSymbol in 1ms

21:28:32.053 id=600 [debug] handled request client -> server textDocument/documentSymbol in 511µs

21:28:34.230 id=601 [debug] handled request client -> server textDocument/hover in 1009ms

21:28:36.319 [debug] handled notification client -> server textDocument/didClose in 205µs

21:28:36.351 [debug] handled notification client -> server textDocument/didOpen in 1ms

21:28:36.359 id=602 [debug] handled request client -> server textDocument/codeAction in 614µs

21:28:36.365 id=603 [debug] handled request client -> server textDocument/documentSymbol in 512µs

21:28:36.659 id=604 [debug] handled request client -> server textDocument/documentSymbol in 717µs

21:28:38.382 [debug] handled notification client -> server textDocument/didClose in 204µs

21:28:38.426 [debug] handled notification client -> server textDocument/didOpen in 1ms

21:28:38.442 id=605 [debug] handled request client -> server textDocument/codeAction in 614µs

21:28:38.445 id=606 [debug] handled request client -> server textDocument/documentSymbol in 1ms

21:28:38.738 id=607 [debug] handled request client -> server textDocument/documentSymbol in 1ms

21:28:43.029 [debug] handled notification client -> server textDocument/didClose in 922µs

21:28:43.055 [debug] handled notification client -> server textDocument/didOpen in 614µs

21:28:43.071 id=608 [debug] handled request client -> server textDocument/codeAction in 1ms

21:28:43.073 id=609 [debug] handled request client -> server textDocument/documentSymbol in 717µs

21:28:43.371 id=610 [debug] handled request client -> server textDocument/documentSymbol in 615µs

21:28:45.868 id=611 [debug] handled request client -> server textDocument/hover in 1013ms

21:28:50.533 id=612 [debug] handled request client -> server textDocument/hover in 1011ms

21:28:51.897 id=613 [debug] handled request client -> server textDocument/hover in 1009ms

21:28:51.897 [debug] handled notification client -> server $/cancelRequest in 103µs

21:28:52.910 id=614 [debug] handled request client -> server textDocument/hover in 1012ms

21:28:52.910 [debug] handled notification client -> server $/cancelRequest in 204µs

21:28:52.911 id=615 [debug] handled request client -> server textDocument/codeAction in 512µs

21:29:09.613 id=616 [debug] handled request client -> server textDocument/hover in 1007ms

21:29:09.613 [debug] handled notification client -> server $/cancelRequest in 102µs

21:29:10.093 [debug] handled notification client -> server textDocument/didClose in 512µs

21:29:10.118 [debug] handled notification client -> server textDocument/didOpen in 205µs

21:29:10.129 id=617 [debug] handled request client -> server textDocument/codeAction in 717µs

21:29:10.132 id=618 [debug] handled request client -> server textDocument/documentSymbol in 1ms

21:29:10.392 id=619 [debug] handled request client -> server textDocument/codeAction in 614µs

21:29:10.428 id=620 [debug] handled request client -> server textDocument/documentSymbol in 1ms

21:29:16.468 id=621 [debug] handled request client -> server textDocument/codeAction in 614µs

21:29:22.577 id=622 [debug] handled request client -> server textDocument/codeAction in 307µs

21:29:29.169 id=623 [debug] handled request client -> server textDocument/hover in 1004ms

21:29:29.170 [debug] handled notification client -> server $/cancelRequest in 410µs

21:30:03.113 id=624 [debug] handled request client -> server textDocument/codeAction in 307µs

21:30:08.026 id=625 [debug] handled request client -> server textDocument/hover in 1015ms

21:30:08.390 id=626 [debug] handled request client -> server textDocument/codeAction in 307µs

21:31:05.559 [debug] handled notification client -> server textDocument/didClose in 205µs
